<?xml version="1.0" encoding="UTF-8"?>
<!-- Generated by org.testng.reporters.JUnitReportReporter -->
<testsuite skipped="0" hostname="LAPTOP-1AUVA277" name="com.amazon.AppTest" tests="1" failures="0" timestamp="19 Dec 2021 16:48:13 GMT" time="0.021" errors="0">
  <testcase name="shouldAnswerWithTrue" time="0.021" classname="com.amazon.AppTest"/>
</testsuite> <!-- com.amazon.AppTest -->
